SF:lib/core/model/trx.dart
DA:10,4
DA:11,2
DA:18,2
DA:19,1
DA:20,3
DA:21,1
DA:22,2
DA:25,1
DA:26,1
DA:27,1
DA:28,3
DA:29,1
DA:30,2
DA:34,12
DA:35,4
DA:43,5
DA:51,1
DA:52,2
DA:54,2
DA:56,2
DA:59,1
LF:21
LH:21
end_of_record
SF:lib/app/routes.dart
DA:11,9
DA:12,7
DA:13,8
DA:19,1
DA:21,3
DA:26,2
DA:28,6
LF:7
LH:7
end_of_record
SF:lib/core/repository/trx_repository.dart
DA:8,3
DA:10,3
LF:2
LH:2
end_of_record
SF:lib/dashboard/dashboard_controller.dart
DA:11,2
DA:13,2
DA:14,2
DA:17,2
DA:19,2
DA:20,8
DA:21,4
DA:22,4
DA:23,2
DA:26,2
DA:30,6
LF:11
LH:11
end_of_record
SF:lib/dashboard/dashboard_screen.dart
DA:11,7
DA:13,3
DA:15,3
DA:17,3
DA:18,3
DA:19,3
DA:22,3
DA:23,6
DA:24,9
DA:25,6
DA:26,1
DA:30,6
DA:31,3
DA:32,9
DA:34,3
DA:35,3
DA:36,6
DA:41,1
DA:42,1
DA:44,1
DA:45,1
DA:46,4
DA:49,2
DA:51,1
DA:52,2
DA:53,3
DA:56,1
DA:57,1
DA:60,1
DA:61,1
DA:63,3
DA:64,2
DA:65,5
LF:33
LH:33
end_of_record
SF:lib/trx/trx_controller.dart
DA:14,2
DA:16,2
DA:17,8
DA:18,10
DA:21,1
DA:23,3
DA:26,2
DA:29,2
DA:30,4
DA:33,2
DA:34,3
DA:38,1
DA:40,1
DA:41,3
DA:42,3
DA:43,2
DA:45,1
DA:47,2
LF:18
LH:18
end_of_record
SF:lib/trx/trx_screen.dart
DA:9,6
DA:11,2
DA:13,2
DA:15,2
DA:16,2
DA:18,2
DA:19,4
DA:20,2
DA:21,2
DA:22,2
DA:23,2
DA:24,2
DA:25,2
DA:26,2
DA:33,2
DA:34,2
DA:36,2
DA:37,2
DA:38,1
DA:39,2
DA:49,3
DA:54,2
DA:55,2
DA:57,2
DA:58,2
DA:59,1
DA:60,1
DA:61,1
DA:72,3
DA:77,2
DA:78,2
DA:80,2
DA:81,2
DA:82,4
DA:89,2
DA:94,2
DA:95,2
DA:97,2
DA:98,2
DA:99,3
DA:100,2
DA:102,2
DA:107,1
DA:108,1
DA:109,2
DA:110,1
DA:112,3
DA:116,3
DA:119,2
DA:120,2
DA:122,2
DA:123,2
DA:125,6
DA:126,4
DA:128,3
DA:129,4
DA:130,2
DA:132,2
DA:134,2
LF:59
LH:59
end_of_record
SF:lib/core/controller/base_controller.dart
DA:6,2
DA:8,2
DA:9,2
DA:12,2
DA:13,4
DA:15,2
DA:16,4
DA:18,2
DA:20,2
DA:22,4
LF:10
LH:10
end_of_record
SF:lib/core/util/utils.dart
DA:9,2
DA:10,2
DA:19,2
DA:21,4
DA:22,2
DA:24,4
DA:27,9
DA:29,1
DA:31,2
DA:37,3
DA:39,6
DA:46,9
LF:12
LH:12
end_of_record
SF:lib/core/widget/base_screen.dart
DA:14,3
DA:22,3
DA:24,6
DA:27,3
DA:28,12
DA:29,3
DA:30,9
DA:33,4
DA:36,6
DA:37,3
DA:39,3
DA:40,3
DA:41,3
DA:46,6
DA:47,3
DA:48,6
DA:49,6
DA:50,3
DA:53,3
DA:54,18
LF:20
LH:20
end_of_record
SF:lib/app/app.dart
DA:6,1
DA:8,1
DA:10,1
DA:13,1
DA:14,1
DA:15,1
LF:6
LH:6
end_of_record
