SF:lib/app/app.dart
DA:6,1
DA:8,1
DA:10,1
DA:13,1
DA:14,1
DA:15,1
LF:6
LH:6
end_of_record
SF:lib/app/routes.dart
DA:11,9
DA:12,7
DA:13,8
DA:19,1
DA:21,3
DA:26,2
DA:28,6
LF:7
LH:7
end_of_record
SF:lib/core/model/trx.dart
DA:10,2
DA:11,2
DA:18,0
DA:19,0
DA:20,0
DA:21,0
DA:22,0
DA:25,0
DA:26,0
DA:27,0
DA:28,0
DA:29,0
DA:30,0
DA:34,8
DA:35,4
DA:43,3
DA:45,0
DA:46,0
DA:54,0
DA:55,0
DA:57,0
DA:59,0
DA:62,0
LF:23
LH:5
end_of_record
SF:lib/core/repository/trx_repository.dart
DA:8,0
DA:10,0
LF:2
LH:0
end_of_record
SF:lib/dashboard/dashboard_controller.dart
DA:11,2
DA:13,2
DA:14,2
DA:17,2
DA:19,2
DA:20,8
DA:21,4
DA:22,4
DA:23,2
DA:26,2
DA:30,6
LF:11
LH:11
end_of_record
SF:lib/dashboard/dashboard_screen.dart
DA:11,5
DA:13,3
DA:15,3
DA:17,3
DA:18,3
DA:19,3
DA:22,3
DA:23,6
DA:24,9
DA:25,6
DA:26,1
DA:30,6
DA:31,3
DA:32,9
DA:34,3
DA:35,3
DA:36,6
DA:41,1
DA:42,1
DA:44,1
DA:45,1
DA:46,4
DA:49,2
DA:51,1
DA:52,2
DA:53,3
DA:56,1
DA:57,1
DA:60,1
DA:61,1
DA:63,3
DA:64,2
DA:65,5
LF:33
LH:33
end_of_record
SF:lib/trx/trx_controller.dart
DA:13,2
DA:15,2
DA:16,8
DA:17,10
DA:20,1
DA:22,3
DA:25,2
DA:28,2
DA:29,4
DA:32,2
DA:33,3
DA:37,1
DA:39,1
DA:40,3
DA:41,1
DA:42,2
DA:44,2
LF:17
LH:17
end_of_record
SF:lib/trx/trx_screen.dart
DA:9,4
DA:11,2
DA:13,2
DA:15,2
DA:16,2
DA:18,2
DA:19,2
DA:20,2
DA:21,2
DA:22,2
DA:23,2
DA:24,2
DA:30,2
DA:31,2
DA:33,2
DA:34,2
DA:39,3
DA:44,2
DA:45,2
DA:47,2
DA:48,2
DA:54,3
DA:59,2
DA:60,2
DA:62,2
DA:63,2
DA:64,4
DA:71,2
DA:76,2
DA:77,2
DA:79,2
DA:80,2
DA:81,3
DA:82,2
DA:84,2
DA:89,1
DA:90,1
DA:91,2
DA:92,1
DA:94,3
DA:98,3
DA:101,2
DA:102,2
DA:104,2
DA:105,2
DA:107,6
DA:108,4
DA:110,3
DA:111,4
DA:112,2
DA:114,2
DA:116,2
LF:52
LH:52
end_of_record
SF:lib/core/api/TrxApi.dart
DA:4,0
LF:1
LH:0
end_of_record
SF:lib/core/controller/base_controller.dart
DA:6,2
DA:8,2
DA:9,2
DA:12,2
DA:13,4
DA:15,2
DA:16,4
DA:18,2
DA:20,2
DA:22,2
DA:25,4
LF:11
LH:11
end_of_record
SF:lib/core/util/utils.dart
DA:9,0
DA:10,0
DA:11,0
DA:17,2
DA:18,2
DA:27,0
DA:28,0
DA:29,0
DA:32,0
DA:34,0
DA:35,0
DA:37,0
DA:40,6
DA:42,0
DA:44,0
DA:50,2
DA:52,4
DA:59,6
LF:18
LH:6
end_of_record
SF:lib/core/widget/base_screen.dart
DA:14,3
DA:22,3
DA:24,6
DA:27,3
DA:28,12
DA:29,3
DA:30,9
DA:33,4
DA:36,6
DA:37,3
DA:39,3
DA:40,3
DA:41,3
DA:46,6
DA:47,3
DA:48,6
DA:49,6
DA:50,3
DA:53,3
DA:54,18
LF:20
LH:20
end_of_record
